<?xml version="1.0" encoding="UTF-8"?>
<testsuite xmlns:xsi="http://www.w3.org/2001/XMLSchema-instance" xsi:noNamespaceSchemaLocation="https://maven.apache.org/surefire/maven-surefire-plugin/xsd/surefire-test-report.xsd" name="runner.TestRunner" time="31.475" tests="1" errors="0" skipped="0" failures="1">
  <properties>
[...]
</properties>
  <testcase name="feature" classname="runner.TestRunner" time="29.478">
    <failure message="org.openqa.selenium.NoSuchElementException: Unable to locate element: #Initial&#10;For documentation on this error, please visit: http://seleniumhq.org/exceptions/no_such_element.html&#10;Build info: version: &apos;3.14.0&apos;, revision: &apos;aacccce0&apos;, time: &apos;2018-08-02T20:19:58.91Z&apos;&#10;System info: host: &apos;KATKAR10&apos;, ip: &apos;192.168.99.1&apos;, os.name: &apos;Windows 10&apos;, os.arch: &apos;amd64&apos;, os.version: &apos;10.0&apos;, java.version: &apos;1.8.0_172&apos;&#10;Driver info: org.openqa.selenium.firefox.FirefoxDriver&#10;Capabilities {acceptInsecureCerts: true, browserName: firefox, browserVersion: 62.0.3, javascriptEnabled: true, moz:accessibilityChecks: false, moz:geckodriverVersion: 0.23.0, moz:headless: false, moz:processID: 3424, moz:profile: C:\Users\katkar\AppData\Loc..., moz:useNonSpecCompliantPointerOrigin: false, moz:webdriverClick: true, pageLoadStrategy: normal, platform: XP, platformName: XP, platformVersion: 10.0, rotatable: false, timeouts: {implicit: 0, pageLoad: 300000, script: 30000}}&#10;Session ID: 18eef2bc-84f0-45c0-8644-2c93755c9f96&#10;*** Element info: {Using=id, value=Initial}" type="cucumber.runtime.CucumberException">cucumber.runtime.CucumberException: 
org.openqa.selenium.NoSuchElementException: Unable to locate element: #Initial
For documentation on this error, please visit: http://seleniumhq.org/exceptions/no_such_element.html
Build info: version: '3.14.0', revision: 'aacccce0', time: '2018-08-02T20:19:58.91Z'
System info: host: 'KATKAR10', ip: '192.168.99.1', os.name: 'Windows 10', os.arch: 'amd64', os.version: '10.0', java.version: '1.8.0_172'
Driver info: org.openqa.selenium.firefox.FirefoxDriver
Capabilities {acceptInsecureCerts: true, browserName: firefox, browserVersion: 62.0.3, javascriptEnabled: true, moz:accessibilityChecks: false, moz:geckodriverVersion: 0.23.0, moz:headless: false, moz:processID: 3424, moz:profile: C:\Users\katkar\AppData\Loc..., moz:useNonSpecCompliantPointerOrigin: false, moz:webdriverClick: true, pageLoadStrategy: normal, platform: XP, platformName: XP, platformVersion: 10.0, rotatable: false, timeouts: {implicit: 0, pageLoad: 300000, script: 30000}}
Session ID: 18eef2bc-84f0-45c0-8644-2c93755c9f96
*** Element info: {Using=id, value=Initial}
Caused by: org.openqa.selenium.NoSuchElementException: 
Unable to locate element: #Initial
For documentation on this error, please visit: http://seleniumhq.org/exceptions/no_such_element.html
Build info: version: '3.14.0', revision: 'aacccce0', time: '2018-08-02T20:19:58.91Z'
System info: host: 'KATKAR10', ip: '192.168.99.1', os.name: 'Windows 10', os.arch: 'amd64', os.version: '10.0', java.version: '1.8.0_172'
Driver info: org.openqa.selenium.firefox.FirefoxDriver
Capabilities {acceptInsecureCerts: true, browserName: firefox, browserVersion: 62.0.3, javascriptEnabled: true, moz:accessibilityChecks: false, moz:geckodriverVersion: 0.23.0, moz:headless: false, moz:processID: 3424, moz:profile: C:\Users\katkar\AppData\Loc..., moz:useNonSpecCompliantPointerOrigin: false, moz:webdriverClick: true, pageLoadStrategy: normal, platform: XP, platformName: XP, platformVersion: 10.0, rotatable: false, timeouts: {implicit: 0, pageLoad: 300000, script: 30000}}
Session ID: 18eef2bc-84f0-45c0-8644-2c93755c9f96
*** Element info: {Using=id, value=Initial}
</failure>
    <system-out><![CDATA[Opening the browser : Firefox
Navigate to login page
Closing the browser : Firefox
Opening the browser : Firefox
Navigate to login page
Closing the browser : Firefox
]]></system-out>
    <system-err><![CDATA[1538987316210	mozrunner::runner	INFO	Running command: "C:\\Program Files\\Mozilla Firefox\\firefox.exe" "-marionette" "-foreground" "-no-remote" "-profile" "C:\\Users\\katkar\\AppData\\Local\\Temp\\rust_mozprofile.BkSp1CE0r2K8"
1538987321364	Marionette	INFO	Listening on port 53973
1538987321810	Marionette	WARN	TLS certificate errors will be ignored for this session
1538987321880	Marionette	DEBUG	[6442450945] Frame script loaded
1538987321898	Marionette	DEBUG	[6442450945] Frame script registered
Oct 08, 2018 1:58:41 PM org.openqa.selenium.remote.ProtocolHandshake createSession
INFO: Detected dialect: W3C
1538987322265	Marionette	DEBUG	[6442450945] Received DOM event beforeunload for about:blank
1538987323311	Marionette	DEBUG	[6442450945] Received DOM event pagehide for about:blank
1538987324552	Marionette	DEBUG	[6442450945] Received DOM event DOMContentLoaded for http://www.executeautomation.com/demosite/Login.html
1538987324779	Marionette	DEBUG	[6442450945] Received DOM event pageshow for http://www.executeautomation.com/demosite/Login.html
1538987325095	Marionette	INFO	Stopped listening on port 53973
1538987325141	addons.xpi	WARN	Exception running bootstrap method shutdown on activity-stream@mozilla.org: [Exception... "Component returned failure code: 0x80070057 (NS_ERROR_ILLEGAL_VALUE) [nsIPrefBranch.removeObserver]"  nsresult: "0x80070057 (NS_ERROR_ILLEGAL_VALUE)"  location: "JS frame :: resource://activity-stream/lib/ActivityStreamPrefs.jsm :: ignoreBranch :: line 29"  data: no] Stack trace: ignoreBranch()@resource://activity-stream/lib/ActivityStreamPrefs.jsm:29
uninit()@resource://activity-stream/lib/Store.jsm:172
uninit()@resource://activity-stream/lib/ActivityStream.jsm:363
uninit()@resource://gre/modules/addons/XPIProvider.jsm -> jar:file:///C:/Program%20Files/Mozilla%20Firefox/browser/features/activity-stream@mozilla.org.xpi!/bootstrap.js:86
shutdown()@resource://gre/modules/addons/XPIProvider.jsm -> jar:file:///C:/Program%20Files/Mozilla%20Firefox/browser/features/activity-stream@mozilla.org.xpi!/bootstrap.js:194
callBootstrapMethod()@resource://gre/modules/addons/XPIProvider.jsm:1592
_shutdown()@resource://gre/modules/addons/XPIProvider.jsm:1728
flushAllWindowsAsync()@resource:///modules/sessionstore/SessionStore.jsm:1697
ssi_onQuitApplicationGranted/<()@resource:///modules/sessionstore/SessionStore.jsm:1624
trigger()@resource://gre/modules/AsyncShutdown.jsm:710
_wait()@resource://gre/modules/AsyncShutdown.jsm:857
wait()@resource://gre/modules/AsyncShutdown.jsm:841
observe()@resource://gre/modules/AsyncShutdown.jsm:524
GeckoDriver.prototype.quit()@driver.js:3319
despatch()@server.js:297
execute()@server.js:271
onPacket/<()@server.js:246
onPacket()@server.js:245
_onJSONObjectReady/<()@transport.js:500
[Child 5664, Chrome_ChildThread] WARNING: pipe error: 109: file z:/build/build/src/ipc/chromium/src/chrome/common/ipc_channel_win.cc, line 346
[Child 15812, Chrome_ChildThread] WARNING: pipe error: 109: file z:/build/build/src/ipc/chromium/src/chrome/common/ipc_channel_win.cc, line 346
[Parent 3424, Gecko_IOThread] WARNING: pipe error: 109: file z:/build/build/src/ipc/chromium/src/chrome/common/ipc_channel_win.cc, line 346
[Child 2804, Chrome_ChildThread] WARNING: pipe error: 109: file z:/build/build/src/ipc/chromium/src/chrome/common/ipc_channel_win.cc, line 346
[Child 2804, Chrome_ChildThread] WARNING: pipe error: 109: file z:/build/build/src/ipc/chromium/src/chrome/common/ipc_channel_win.cc, line 346
JavaScript error: resource://gre/modules/Sqlite.jsm, line 841: Error: Connection is not open.
JavaScript error: resource://gre/modules/Sqlite.jsm, line 841: Error: Connection is not open.
[GPU 1032, Chrome_ChildThread] WARNING: pipe error: 109: file z:/build/build/src/ipc/chromium/src/chrome/common/ipc_channel_win.cc, line 346

###!!! [Child][MessageChannel::SendAndWait] Error: Channel error: cannot send/recv

1538987330554	mozrunner::runner	INFO	Running command: "C:\\Program Files\\Mozilla Firefox\\firefox.exe" "-marionette" "-foreground" "-no-remote" "-profile" "C:\\Users\\katkar\\AppData\\Local\\Temp\\rust_mozprofile.17OheKxabx9q"
1538987336900	Marionette	INFO	Listening on port 54041
1538987337135	Marionette	WARN	TLS certificate errors will be ignored for this session
1538987337186	Marionette	DEBUG	[6442450945] Frame script loaded
1538987337225	Marionette	DEBUG	[6442450945] Frame script registered
Oct 08, 2018 1:58:57 PM org.openqa.selenium.remote.ProtocolHandshake createSession
INFO: Detected dialect: W3C
1538987337286	Marionette	DEBUG	[6442450945] Received DOM event beforeunload for about:blank
1538987337936	Marionette	DEBUG	[6442450945] Received DOM event pagehide for about:blank
1538987339261	Marionette	DEBUG	[6442450945] Received DOM event DOMContentLoaded for http://www.executeautomation.com/demosite/Login.html
1538987339272	Marionette	DEBUG	[6442450945] Received DOM event pageshow for http://www.executeautomation.com/demosite/Login.html
1538987339498	Marionette	INFO	Stopped listening on port 54041
1538987339558	addons.xpi	WARN	Exception running bootstrap method shutdown on activity-stream@mozilla.org: [Exception... "Component returned failure code: 0x80070057 (NS_ERROR_ILLEGAL_VALUE) [nsIPrefBranch.removeObserver]"  nsresult: "0x80070057 (NS_ERROR_ILLEGAL_VALUE)"  location: "JS frame :: resource://activity-stream/lib/ActivityStreamPrefs.jsm :: ignoreBranch :: line 29"  data: no] Stack trace: ignoreBranch()@resource://activity-stream/lib/ActivityStreamPrefs.jsm:29
uninit()@resource://activity-stream/lib/Store.jsm:172
uninit()@resource://activity-stream/lib/ActivityStream.jsm:363
uninit()@resource://gre/modules/addons/XPIProvider.jsm -> jar:file:///C:/Program%20Files/Mozilla%20Firefox/browser/features/activity-stream@mozilla.org.xpi!/bootstrap.js:86
shutdown()@resource://gre/modules/addons/XPIProvider.jsm -> jar:file:///C:/Program%20Files/Mozilla%20Firefox/browser/features/activity-stream@mozilla.org.xpi!/bootstrap.js:194
callBootstrapMethod()@resource://gre/modules/addons/XPIProvider.jsm:1592
_shutdown()@resource://gre/modules/addons/XPIProvider.jsm:1728
flushAllWindowsAsync()@resource:///modules/sessionstore/SessionStore.jsm:1697
ssi_onQuitApplicationGranted/<()@resource:///modules/sessionstore/SessionStore.jsm:1624
trigger()@resource://gre/modules/AsyncShutdown.jsm:710
_wait()@resource://gre/modules/AsyncShutdown.jsm:857
wait()@resource://gre/modules/AsyncShutdown.jsm:841
observe()@resource://gre/modules/AsyncShutdown.jsm:524
GeckoDriver.prototype.quit()@driver.js:3319
despatch()@server.js:297
execute()@server.js:271
onPacket/<()@server.js:246
onPacket()@server.js:245
_onJSONObjectReady/<()@transport.js:500
[Parent 14312, Gecko_IOThread] WARNING: pipe error: 109: file z:/build/build/src/ipc/chromium/src/chrome/common/ipc_channel_win.cc, line 346
[Parent 14312, Gecko_IOThread] WARNING: pipe error: 109: file z:/build/build/src/ipc/chromium/src/chrome/common/ipc_channel_win.cc, line 346
[Child 3092, Chrome_ChildThread] WARNING: pipe error: 109: file z:/build/build/src/ipc/chromium/src/chrome/common/ipc_channel_win.cc, line 346
console.error: (new Error("Connection closed before committing the transaction.", "resource://gre/modules/Sqlite.jsm", 632))
JavaScript error: resource://gre/modules/JSONFile.jsm, line 159: Error: Data is not ready.

###!!! [Parent][DispatchAsyncMessage] Error: PBackgroundIDBFactory::Msg_PBackgroundIDBFactoryRequestConstructor Value error: message was deserialized, but contained an illegal value


###!!! [Parent][DispatchAsyncMessage] Error: PBackgroundIDBFactory::Msg_PBackgroundIDBFactoryRequestConstructor Value error: message was deserialized, but contained an illegal value


###!!! [Child][MessageChannel::SendAndWait] Error: Channel error: cannot send/recv

]]></system-err>
  </testcase>
</testsuite>